[0.531s] Invoking command in '/home/safwansatil/Desktop/ProjectAltairRecruitment/230042117_Safwan_WEEK3_ProjectAltair/ros2/src/task5_urdf': DEBUGINFOD_URLS=https://debuginfod.ubuntu.com PYTHONPATH=/home/safwansatil/Desktop/ProjectAltairRecruitment/230042117_Safwan_WEEK3_ProjectAltair/ros2/build/task5_urdf/prefix_override:/usr/lib/python3/dist-packages/colcon_core/task/python/colcon_distutils_commands:/home/safwansatil/Desktop/ProjectAltairRecruitment/230042117_Safwan_WEEK3_ProjectAltair/ros2/install/task5_urdf/lib/python3.12/site-packages:${PYTHONPATH} /usr/bin/python3 -W ignore:setup.py install is deprecated -W ignore:easy_install command is deprecated setup.py egg_info --egg-base ../../build/task5_urdf build --build-base /home/safwansatil/Desktop/ProjectAltairRecruitment/230042117_Safwan_WEEK3_ProjectAltair/ros2/build/task5_urdf/build install --record /home/safwansatil/Desktop/ProjectAltairRecruitment/230042117_Safwan_WEEK3_ProjectAltair/ros2/build/task5_urdf/install.log --single-version-externally-managed install_data
[0.708s] running egg_info
[0.719s] writing ../../build/task5_urdf/task5_urdf.egg-info/PKG-INFO
[0.719s] writing dependency_links to ../../build/task5_urdf/task5_urdf.egg-info/dependency_links.txt
[0.719s] writing requirements to ../../build/task5_urdf/task5_urdf.egg-info/requires.txt
[0.719s] writing top-level names to ../../build/task5_urdf/task5_urdf.egg-info/top_level.txt
[0.741s] reading manifest file '../../build/task5_urdf/task5_urdf.egg-info/SOURCES.txt'
[0.742s] writing manifest file '../../build/task5_urdf/task5_urdf.egg-info/SOURCES.txt'
[0.742s] running build
[0.743s] running build_py
[0.743s] copying task5_urdf/odometry_publisher.py -> /home/safwansatil/Desktop/ProjectAltairRecruitment/230042117_Safwan_WEEK3_ProjectAltair/ros2/build/task5_urdf/build/lib/task5_urdf
[0.743s] running install
[0.747s] running install_lib
[0.758s] copying /home/safwansatil/Desktop/ProjectAltairRecruitment/230042117_Safwan_WEEK3_ProjectAltair/ros2/build/task5_urdf/build/lib/task5_urdf/odometry_publisher.py -> /home/safwansatil/Desktop/ProjectAltairRecruitment/230042117_Safwan_WEEK3_ProjectAltair/ros2/install/task5_urdf/lib/python3.12/site-packages/task5_urdf
[0.759s] byte-compiling /home/safwansatil/Desktop/ProjectAltairRecruitment/230042117_Safwan_WEEK3_ProjectAltair/ros2/install/task5_urdf/lib/python3.12/site-packages/task5_urdf/odometry_publisher.py to odometry_publisher.cpython-312.pyc
[0.759s] running install_data
[0.759s] running install_egg_info
[0.771s] removing '/home/safwansatil/Desktop/ProjectAltairRecruitment/230042117_Safwan_WEEK3_ProjectAltair/ros2/install/task5_urdf/lib/python3.12/site-packages/task5_urdf-0.0.0-py3.12.egg-info' (and everything under it)
[0.772s] Copying ../../build/task5_urdf/task5_urdf.egg-info to /home/safwansatil/Desktop/ProjectAltairRecruitment/230042117_Safwan_WEEK3_ProjectAltair/ros2/install/task5_urdf/lib/python3.12/site-packages/task5_urdf-0.0.0-py3.12.egg-info
[0.772s] running install_scripts
[0.851s] writing list of installed files to '/home/safwansatil/Desktop/ProjectAltairRecruitment/230042117_Safwan_WEEK3_ProjectAltair/ros2/build/task5_urdf/install.log'
[0.872s] Invoked command in '/home/safwansatil/Desktop/ProjectAltairRecruitment/230042117_Safwan_WEEK3_ProjectAltair/ros2/src/task5_urdf' returned '0': DEBUGINFOD_URLS=https://debuginfod.ubuntu.com PYTHONPATH=/home/safwansatil/Desktop/ProjectAltairRecruitment/230042117_Safwan_WEEK3_ProjectAltair/ros2/build/task5_urdf/prefix_override:/usr/lib/python3/dist-packages/colcon_core/task/python/colcon_distutils_commands:/home/safwansatil/Desktop/ProjectAltairRecruitment/230042117_Safwan_WEEK3_ProjectAltair/ros2/install/task5_urdf/lib/python3.12/site-packages:${PYTHONPATH} /usr/bin/python3 -W ignore:setup.py install is deprecated -W ignore:easy_install command is deprecated setup.py egg_info --egg-base ../../build/task5_urdf build --build-base /home/safwansatil/Desktop/ProjectAltairRecruitment/230042117_Safwan_WEEK3_ProjectAltair/ros2/build/task5_urdf/build install --record /home/safwansatil/Desktop/ProjectAltairRecruitment/230042117_Safwan_WEEK3_ProjectAltair/ros2/build/task5_urdf/install.log --single-version-externally-managed install_data
