running egg_info
creating ../../build/task4_video/task4_video.egg-info
writing ../../build/task4_video/task4_video.egg-info/PKG-INFO
writing dependency_links to ../../build/task4_video/task4_video.egg-info/dependency_links.txt
writing entry points to ../../build/task4_video/task4_video.egg-info/entry_points.txt
writing requirements to ../../build/task4_video/task4_video.egg-info/requires.txt
writing top-level names to ../../build/task4_video/task4_video.egg-info/top_level.txt
writing manifest file '../../build/task4_video/task4_video.egg-info/SOURCES.txt'
reading manifest file '../../build/task4_video/task4_video.egg-info/SOURCES.txt'
writing manifest file '../../build/task4_video/task4_video.egg-info/SOURCES.txt'
running build
running build_py
creating /home/safwansatil/Desktop/ProjectAltairRecruitment/230042117_Safwan_WEEK3_ProjectAltair/ros2/build/task4_video/build
creating /home/safwansatil/Desktop/ProjectAltairRecruitment/230042117_Safwan_WEEK3_ProjectAltair/ros2/build/task4_video/build/lib
creating /home/safwansatil/Desktop/ProjectAltairRecruitment/230042117_Safwan_WEEK3_ProjectAltair/ros2/build/task4_video/build/lib/task4_video
copying task4_video/video_publisher.py -> /home/safwansatil/Desktop/ProjectAltairRecruitment/230042117_Safwan_WEEK3_ProjectAltair/ros2/build/task4_video/build/lib/task4_video
copying task4_video/video_subscriber.py -> /home/safwansatil/Desktop/ProjectAltairRecruitment/230042117_Safwan_WEEK3_ProjectAltair/ros2/build/task4_video/build/lib/task4_video
copying task4_video/__init__.py -> /home/safwansatil/Desktop/ProjectAltairRecruitment/230042117_Safwan_WEEK3_ProjectAltair/ros2/build/task4_video/build/lib/task4_video
running install
running install_lib
creating /home/safwansatil/Desktop/ProjectAltairRecruitment/230042117_Safwan_WEEK3_ProjectAltair/ros2/install/task4_video/lib/python3.12/site-packages/task4_video
copying /home/safwansatil/Desktop/ProjectAltairRecruitment/230042117_Safwan_WEEK3_ProjectAltair/ros2/build/task4_video/build/lib/task4_video/video_publisher.py -> /home/safwansatil/Desktop/ProjectAltairRecruitment/230042117_Safwan_WEEK3_ProjectAltair/ros2/install/task4_video/lib/python3.12/site-packages/task4_video
copying /home/safwansatil/Desktop/ProjectAltairRecruitment/230042117_Safwan_WEEK3_ProjectAltair/ros2/build/task4_video/build/lib/task4_video/video_subscriber.py -> /home/safwansatil/Desktop/ProjectAltairRecruitment/230042117_Safwan_WEEK3_ProjectAltair/ros2/install/task4_video/lib/python3.12/site-packages/task4_video
copying /home/safwansatil/Desktop/ProjectAltairRecruitment/230042117_Safwan_WEEK3_ProjectAltair/ros2/build/task4_video/build/lib/task4_video/__init__.py -> /home/safwansatil/Desktop/ProjectAltairRecruitment/230042117_Safwan_WEEK3_ProjectAltair/ros2/install/task4_video/lib/python3.12/site-packages/task4_video
byte-compiling /home/safwansatil/Desktop/ProjectAltairRecruitment/230042117_Safwan_WEEK3_ProjectAltair/ros2/install/task4_video/lib/python3.12/site-packages/task4_video/video_publisher.py to video_publisher.cpython-312.pyc
byte-compiling /home/safwansatil/Desktop/ProjectAltairRecruitment/230042117_Safwan_WEEK3_ProjectAltair/ros2/install/task4_video/lib/python3.12/site-packages/task4_video/video_subscriber.py to video_subscriber.cpython-312.pyc
byte-compiling /home/safwansatil/Desktop/ProjectAltairRecruitment/230042117_Safwan_WEEK3_ProjectAltair/ros2/install/task4_video/lib/python3.12/site-packages/task4_video/__init__.py to __init__.cpython-312.pyc
running install_data
creating /home/safwansatil/Desktop/ProjectAltairRecruitment/230042117_Safwan_WEEK3_ProjectAltair/ros2/install/task4_video/share/ament_index
creating /home/safwansatil/Desktop/ProjectAltairRecruitment/230042117_Safwan_WEEK3_ProjectAltair/ros2/install/task4_video/share/ament_index/resource_index
creating /home/safwansatil/Desktop/ProjectAltairRecruitment/230042117_Safwan_WEEK3_ProjectAltair/ros2/install/task4_video/share/ament_index/resource_index/packages
copying resource/task4_video -> /home/safwansatil/Desktop/ProjectAltairRecruitment/230042117_Safwan_WEEK3_ProjectAltair/ros2/install/task4_video/share/ament_index/resource_index/packages
copying package.xml -> /home/safwansatil/Desktop/ProjectAltairRecruitment/230042117_Safwan_WEEK3_ProjectAltair/ros2/install/task4_video/share/task4_video
running install_egg_info
Copying ../../build/task4_video/task4_video.egg-info to /home/safwansatil/Desktop/ProjectAltairRecruitment/230042117_Safwan_WEEK3_ProjectAltair/ros2/install/task4_video/lib/python3.12/site-packages/task4_video-0.0.0-py3.12.egg-info
running install_scripts
Installing video_pub script to /home/safwansatil/Desktop/ProjectAltairRecruitment/230042117_Safwan_WEEK3_ProjectAltair/ros2/install/task4_video/lib/task4_video
Installing video_sub script to /home/safwansatil/Desktop/ProjectAltairRecruitment/230042117_Safwan_WEEK3_ProjectAltair/ros2/install/task4_video/lib/task4_video
writing list of installed files to '/home/safwansatil/Desktop/ProjectAltairRecruitment/230042117_Safwan_WEEK3_ProjectAltair/ros2/build/task4_video/install.log'
