running egg_info
writing ../../build/task1_pkg/task1_pkg.egg-info/PKG-INFO
writing dependency_links to ../../build/task1_pkg/task1_pkg.egg-info/dependency_links.txt
writing entry points to ../../build/task1_pkg/task1_pkg.egg-info/entry_points.txt
writing requirements to ../../build/task1_pkg/task1_pkg.egg-info/requires.txt
writing top-level names to ../../build/task1_pkg/task1_pkg.egg-info/top_level.txt
reading manifest file '../../build/task1_pkg/task1_pkg.egg-info/SOURCES.txt'
writing manifest file '../../build/task1_pkg/task1_pkg.egg-info/SOURCES.txt'
running build
running build_py
running install
running install_lib
running install_data
running install_egg_info
removing '/home/safwansatil/Desktop/ProjectAltairRecruitment/230042117_Safwan_WEEK3_ProjectAltair/ros2/install/task1_pkg/lib/python3.12/site-packages/task1_pkg-0.0.0-py3.12.egg-info' (and everything under it)
Copying ../../build/task1_pkg/task1_pkg.egg-info to /home/safwansatil/Desktop/ProjectAltairRecruitment/230042117_Safwan_WEEK3_ProjectAltair/ros2/install/task1_pkg/lib/python3.12/site-packages/task1_pkg-0.0.0-py3.12.egg-info
running install_scripts
Installing listener script to /home/safwansatil/Desktop/ProjectAltairRecruitment/230042117_Safwan_WEEK3_ProjectAltair/ros2/install/task1_pkg/lib/task1_pkg
Installing talker script to /home/safwansatil/Desktop/ProjectAltairRecruitment/230042117_Safwan_WEEK3_ProjectAltair/ros2/install/task1_pkg/lib/task1_pkg
writing list of installed files to '/home/safwansatil/Desktop/ProjectAltairRecruitment/230042117_Safwan_WEEK3_ProjectAltair/ros2/build/task1_pkg/install.log'
