[0.559s] Invoking command in '/home/safwansatil/Desktop/ProjectAltairRecruitment/230042117_Safwan_WEEK3_ProjectAltair/ros2/src/task1_pkg': DEBUGINFOD_URLS=https://debuginfod.ubuntu.com PYTHONPATH=/home/safwansatil/Desktop/ProjectAltairRecruitment/230042117_Safwan_WEEK3_ProjectAltair/ros2/build/task1_pkg/prefix_override:/usr/lib/python3/dist-packages/colcon_core/task/python/colcon_distutils_commands:/home/safwansatil/Desktop/ProjectAltairRecruitment/230042117_Safwan_WEEK3_ProjectAltair/ros2/install/task1_pkg/lib/python3.12/site-packages:${PYTHONPATH} /usr/bin/python3 -W ignore:setup.py install is deprecated -W ignore:easy_install command is deprecated setup.py egg_info --egg-base ../../build/task1_pkg build --build-base /home/safwansatil/Desktop/ProjectAltairRecruitment/230042117_Safwan_WEEK3_ProjectAltair/ros2/build/task1_pkg/build install --record /home/safwansatil/Desktop/ProjectAltairRecruitment/230042117_Safwan_WEEK3_ProjectAltair/ros2/build/task1_pkg/install.log --single-version-externally-managed install_data
[0.725s] running egg_info
[0.736s] writing ../../build/task1_pkg/task1_pkg.egg-info/PKG-INFO
[0.736s] writing dependency_links to ../../build/task1_pkg/task1_pkg.egg-info/dependency_links.txt
[0.736s] writing entry points to ../../build/task1_pkg/task1_pkg.egg-info/entry_points.txt
[0.736s] writing requirements to ../../build/task1_pkg/task1_pkg.egg-info/requires.txt
[0.736s] writing top-level names to ../../build/task1_pkg/task1_pkg.egg-info/top_level.txt
[0.758s] reading manifest file '../../build/task1_pkg/task1_pkg.egg-info/SOURCES.txt'
[0.759s] writing manifest file '../../build/task1_pkg/task1_pkg.egg-info/SOURCES.txt'
[0.759s] running build
[0.759s] running build_py
[0.760s] running install
[0.764s] running install_lib
[0.775s] running install_data
[0.775s] running install_egg_info
[0.786s] removing '/home/safwansatil/Desktop/ProjectAltairRecruitment/230042117_Safwan_WEEK3_ProjectAltair/ros2/install/task1_pkg/lib/python3.12/site-packages/task1_pkg-0.0.0-py3.12.egg-info' (and everything under it)
[0.787s] Copying ../../build/task1_pkg/task1_pkg.egg-info to /home/safwansatil/Desktop/ProjectAltairRecruitment/230042117_Safwan_WEEK3_ProjectAltair/ros2/install/task1_pkg/lib/python3.12/site-packages/task1_pkg-0.0.0-py3.12.egg-info
[0.787s] running install_scripts
[0.864s] Installing listener script to /home/safwansatil/Desktop/ProjectAltairRecruitment/230042117_Safwan_WEEK3_ProjectAltair/ros2/install/task1_pkg/lib/task1_pkg
[0.864s] Installing talker script to /home/safwansatil/Desktop/ProjectAltairRecruitment/230042117_Safwan_WEEK3_ProjectAltair/ros2/install/task1_pkg/lib/task1_pkg
[0.864s] writing list of installed files to '/home/safwansatil/Desktop/ProjectAltairRecruitment/230042117_Safwan_WEEK3_ProjectAltair/ros2/build/task1_pkg/install.log'
[0.884s] Invoked command in '/home/safwansatil/Desktop/ProjectAltairRecruitment/230042117_Safwan_WEEK3_ProjectAltair/ros2/src/task1_pkg' returned '0': DEBUGINFOD_URLS=https://debuginfod.ubuntu.com PYTHONPATH=/home/safwansatil/Desktop/ProjectAltairRecruitment/230042117_Safwan_WEEK3_ProjectAltair/ros2/build/task1_pkg/prefix_override:/usr/lib/python3/dist-packages/colcon_core/task/python/colcon_distutils_commands:/home/safwansatil/Desktop/ProjectAltairRecruitment/230042117_Safwan_WEEK3_ProjectAltair/ros2/install/task1_pkg/lib/python3.12/site-packages:${PYTHONPATH} /usr/bin/python3 -W ignore:setup.py install is deprecated -W ignore:easy_install command is deprecated setup.py egg_info --egg-base ../../build/task1_pkg build --build-base /home/safwansatil/Desktop/ProjectAltairRecruitment/230042117_Safwan_WEEK3_ProjectAltair/ros2/build/task1_pkg/build install --record /home/safwansatil/Desktop/ProjectAltairRecruitment/230042117_Safwan_WEEK3_ProjectAltair/ros2/build/task1_pkg/install.log --single-version-externally-managed install_data
