running egg_info
creating ../../build/task1_pkg/task1_pkg.egg-info
writing ../../build/task1_pkg/task1_pkg.egg-info/PKG-INFO
writing dependency_links to ../../build/task1_pkg/task1_pkg.egg-info/dependency_links.txt
writing requirements to ../../build/task1_pkg/task1_pkg.egg-info/requires.txt
writing top-level names to ../../build/task1_pkg/task1_pkg.egg-info/top_level.txt
writing manifest file '../../build/task1_pkg/task1_pkg.egg-info/SOURCES.txt'
reading manifest file '../../build/task1_pkg/task1_pkg.egg-info/SOURCES.txt'
writing manifest file '../../build/task1_pkg/task1_pkg.egg-info/SOURCES.txt'
running build
running build_py
creating /home/safwansatil/Desktop/ProjectAltairRecruitment/230042117_Safwan_WEEK3_ProjectAltair/ros2/build/task1_pkg/build
creating /home/safwansatil/Desktop/ProjectAltairRecruitment/230042117_Safwan_WEEK3_ProjectAltair/ros2/build/task1_pkg/build/lib
creating /home/safwansatil/Desktop/ProjectAltairRecruitment/230042117_Safwan_WEEK3_ProjectAltair/ros2/build/task1_pkg/build/lib/task1_pkg
copying task1_pkg/subscriber.py -> /home/safwansatil/Desktop/ProjectAltairRecruitment/230042117_Safwan_WEEK3_ProjectAltair/ros2/build/task1_pkg/build/lib/task1_pkg
copying task1_pkg/publisher.py -> /home/safwansatil/Desktop/ProjectAltairRecruitment/230042117_Safwan_WEEK3_ProjectAltair/ros2/build/task1_pkg/build/lib/task1_pkg
copying task1_pkg/__init__.py -> /home/safwansatil/Desktop/ProjectAltairRecruitment/230042117_Safwan_WEEK3_ProjectAltair/ros2/build/task1_pkg/build/lib/task1_pkg
running install
running install_lib
creating /home/safwansatil/Desktop/ProjectAltairRecruitment/230042117_Safwan_WEEK3_ProjectAltair/ros2/install/task1_pkg/lib/python3.12/site-packages/task1_pkg
copying /home/safwansatil/Desktop/ProjectAltairRecruitment/230042117_Safwan_WEEK3_ProjectAltair/ros2/build/task1_pkg/build/lib/task1_pkg/subscriber.py -> /home/safwansatil/Desktop/ProjectAltairRecruitment/230042117_Safwan_WEEK3_ProjectAltair/ros2/install/task1_pkg/lib/python3.12/site-packages/task1_pkg
copying /home/safwansatil/Desktop/ProjectAltairRecruitment/230042117_Safwan_WEEK3_ProjectAltair/ros2/build/task1_pkg/build/lib/task1_pkg/publisher.py -> /home/safwansatil/Desktop/ProjectAltairRecruitment/230042117_Safwan_WEEK3_ProjectAltair/ros2/install/task1_pkg/lib/python3.12/site-packages/task1_pkg
copying /home/safwansatil/Desktop/ProjectAltairRecruitment/230042117_Safwan_WEEK3_ProjectAltair/ros2/build/task1_pkg/build/lib/task1_pkg/__init__.py -> /home/safwansatil/Desktop/ProjectAltairRecruitment/230042117_Safwan_WEEK3_ProjectAltair/ros2/install/task1_pkg/lib/python3.12/site-packages/task1_pkg
byte-compiling /home/safwansatil/Desktop/ProjectAltairRecruitment/230042117_Safwan_WEEK3_ProjectAltair/ros2/install/task1_pkg/lib/python3.12/site-packages/task1_pkg/subscriber.py to subscriber.cpython-312.pyc
byte-compiling /home/safwansatil/Desktop/ProjectAltairRecruitment/230042117_Safwan_WEEK3_ProjectAltair/ros2/install/task1_pkg/lib/python3.12/site-packages/task1_pkg/publisher.py to publisher.cpython-312.pyc
byte-compiling /home/safwansatil/Desktop/ProjectAltairRecruitment/230042117_Safwan_WEEK3_ProjectAltair/ros2/install/task1_pkg/lib/python3.12/site-packages/task1_pkg/__init__.py to __init__.cpython-312.pyc
running install_data
creating /home/safwansatil/Desktop/ProjectAltairRecruitment/230042117_Safwan_WEEK3_ProjectAltair/ros2/install/task1_pkg/share/ament_index
creating /home/safwansatil/Desktop/ProjectAltairRecruitment/230042117_Safwan_WEEK3_ProjectAltair/ros2/install/task1_pkg/share/ament_index/resource_index
creating /home/safwansatil/Desktop/ProjectAltairRecruitment/230042117_Safwan_WEEK3_ProjectAltair/ros2/install/task1_pkg/share/ament_index/resource_index/packages
copying resource/task1_pkg -> /home/safwansatil/Desktop/ProjectAltairRecruitment/230042117_Safwan_WEEK3_ProjectAltair/ros2/install/task1_pkg/share/ament_index/resource_index/packages
copying package.xml -> /home/safwansatil/Desktop/ProjectAltairRecruitment/230042117_Safwan_WEEK3_ProjectAltair/ros2/install/task1_pkg/share/task1_pkg
running install_egg_info
Copying ../../build/task1_pkg/task1_pkg.egg-info to /home/safwansatil/Desktop/ProjectAltairRecruitment/230042117_Safwan_WEEK3_ProjectAltair/ros2/install/task1_pkg/lib/python3.12/site-packages/task1_pkg-0.0.0-py3.12.egg-info
running install_scripts
writing list of installed files to '/home/safwansatil/Desktop/ProjectAltairRecruitment/230042117_Safwan_WEEK3_ProjectAltair/ros2/build/task1_pkg/install.log'
