running egg_info
writing ../../build/task2_control/task2_control.egg-info/PKG-INFO
writing dependency_links to ../../build/task2_control/task2_control.egg-info/dependency_links.txt
writing entry points to ../../build/task2_control/task2_control.egg-info/entry_points.txt
writing requirements to ../../build/task2_control/task2_control.egg-info/requires.txt
writing top-level names to ../../build/task2_control/task2_control.egg-info/top_level.txt
reading manifest file '../../build/task2_control/task2_control.egg-info/SOURCES.txt'
writing manifest file '../../build/task2_control/task2_control.egg-info/SOURCES.txt'
running build
running build_py
copying task2_control/turtle_commander.py -> /home/safwansatil/Desktop/ProjectAltairRecruitment/230042117_Safwan_WEEK3_ProjectAltair/ros2/build/task2_control/build/lib/task2_control
running install
running install_lib
copying /home/safwansatil/Desktop/ProjectAltairRecruitment/230042117_Safwan_WEEK3_ProjectAltair/ros2/build/task2_control/build/lib/task2_control/turtle_commander.py -> /home/safwansatil/Desktop/ProjectAltairRecruitment/230042117_Safwan_WEEK3_ProjectAltair/ros2/install/task2_control/lib/python3.12/site-packages/task2_control
byte-compiling /home/safwansatil/Desktop/ProjectAltairRecruitment/230042117_Safwan_WEEK3_ProjectAltair/ros2/install/task2_control/lib/python3.12/site-packages/task2_control/turtle_commander.py to turtle_commander.cpython-312.pyc
running install_data
running install_egg_info
removing '/home/safwansatil/Desktop/ProjectAltairRecruitment/230042117_Safwan_WEEK3_ProjectAltair/ros2/install/task2_control/lib/python3.12/site-packages/task2_control-0.0.0-py3.12.egg-info' (and everything under it)
Copying ../../build/task2_control/task2_control.egg-info to /home/safwansatil/Desktop/ProjectAltairRecruitment/230042117_Safwan_WEEK3_ProjectAltair/ros2/install/task2_control/lib/python3.12/site-packages/task2_control-0.0.0-py3.12.egg-info
running install_scripts
Installing turtle_commander script to /home/safwansatil/Desktop/ProjectAltairRecruitment/230042117_Safwan_WEEK3_ProjectAltair/ros2/install/task2_control/lib/task2_control
writing list of installed files to '/home/safwansatil/Desktop/ProjectAltairRecruitment/230042117_Safwan_WEEK3_ProjectAltair/ros2/build/task2_control/install.log'
