[0.504s] Invoking command in '/home/safwansatil/Desktop/ProjectAltairRecruitment/230042117_Safwan_WEEK3_ProjectAltair/ros2/src/task2_control': DEBUGINFOD_URLS=https://debuginfod.ubuntu.com PYTHONPATH=/home/safwansatil/Desktop/ProjectAltairRecruitment/230042117_Safwan_WEEK3_ProjectAltair/ros2/build/task2_control/prefix_override:/usr/lib/python3/dist-packages/colcon_core/task/python/colcon_distutils_commands:/home/safwansatil/Desktop/ProjectAltairRecruitment/230042117_Safwan_WEEK3_ProjectAltair/ros2/install/task2_control/lib/python3.12/site-packages:${PYTHONPATH} /usr/bin/python3 -W ignore:setup.py install is deprecated -W ignore:easy_install command is deprecated setup.py egg_info --egg-base ../../build/task2_control build --build-base /home/safwansatil/Desktop/ProjectAltairRecruitment/230042117_Safwan_WEEK3_ProjectAltair/ros2/build/task2_control/build install --record /home/safwansatil/Desktop/ProjectAltairRecruitment/230042117_Safwan_WEEK3_ProjectAltair/ros2/build/task2_control/install.log --single-version-externally-managed install_data
[0.686s] running egg_info
[0.697s] writing ../../build/task2_control/task2_control.egg-info/PKG-INFO
[0.697s] writing dependency_links to ../../build/task2_control/task2_control.egg-info/dependency_links.txt
[0.697s] writing entry points to ../../build/task2_control/task2_control.egg-info/entry_points.txt
[0.697s] writing requirements to ../../build/task2_control/task2_control.egg-info/requires.txt
[0.698s] writing top-level names to ../../build/task2_control/task2_control.egg-info/top_level.txt
[0.720s] reading manifest file '../../build/task2_control/task2_control.egg-info/SOURCES.txt'
[0.721s] writing manifest file '../../build/task2_control/task2_control.egg-info/SOURCES.txt'
[0.721s] running build
[0.721s] running build_py
[0.721s] copying task2_control/turtle_commander.py -> /home/safwansatil/Desktop/ProjectAltairRecruitment/230042117_Safwan_WEEK3_ProjectAltair/ros2/build/task2_control/build/lib/task2_control
[0.721s] running install
[0.725s] running install_lib
[0.736s] copying /home/safwansatil/Desktop/ProjectAltairRecruitment/230042117_Safwan_WEEK3_ProjectAltair/ros2/build/task2_control/build/lib/task2_control/turtle_commander.py -> /home/safwansatil/Desktop/ProjectAltairRecruitment/230042117_Safwan_WEEK3_ProjectAltair/ros2/install/task2_control/lib/python3.12/site-packages/task2_control
[0.737s] byte-compiling /home/safwansatil/Desktop/ProjectAltairRecruitment/230042117_Safwan_WEEK3_ProjectAltair/ros2/install/task2_control/lib/python3.12/site-packages/task2_control/turtle_commander.py to turtle_commander.cpython-312.pyc
[0.737s] running install_data
[0.738s] running install_egg_info
[0.749s] removing '/home/safwansatil/Desktop/ProjectAltairRecruitment/230042117_Safwan_WEEK3_ProjectAltair/ros2/install/task2_control/lib/python3.12/site-packages/task2_control-0.0.0-py3.12.egg-info' (and everything under it)
[0.749s] Copying ../../build/task2_control/task2_control.egg-info to /home/safwansatil/Desktop/ProjectAltairRecruitment/230042117_Safwan_WEEK3_ProjectAltair/ros2/install/task2_control/lib/python3.12/site-packages/task2_control-0.0.0-py3.12.egg-info
[0.750s] running install_scripts
[0.826s] Installing turtle_commander script to /home/safwansatil/Desktop/ProjectAltairRecruitment/230042117_Safwan_WEEK3_ProjectAltair/ros2/install/task2_control/lib/task2_control
[0.826s] writing list of installed files to '/home/safwansatil/Desktop/ProjectAltairRecruitment/230042117_Safwan_WEEK3_ProjectAltair/ros2/build/task2_control/install.log'
[0.845s] Invoked command in '/home/safwansatil/Desktop/ProjectAltairRecruitment/230042117_Safwan_WEEK3_ProjectAltair/ros2/src/task2_control' returned '0': DEBUGINFOD_URLS=https://debuginfod.ubuntu.com PYTHONPATH=/home/safwansatil/Desktop/ProjectAltairRecruitment/230042117_Safwan_WEEK3_ProjectAltair/ros2/build/task2_control/prefix_override:/usr/lib/python3/dist-packages/colcon_core/task/python/colcon_distutils_commands:/home/safwansatil/Desktop/ProjectAltairRecruitment/230042117_Safwan_WEEK3_ProjectAltair/ros2/install/task2_control/lib/python3.12/site-packages:${PYTHONPATH} /usr/bin/python3 -W ignore:setup.py install is deprecated -W ignore:easy_install command is deprecated setup.py egg_info --egg-base ../../build/task2_control build --build-base /home/safwansatil/Desktop/ProjectAltairRecruitment/230042117_Safwan_WEEK3_ProjectAltair/ros2/build/task2_control/build install --record /home/safwansatil/Desktop/ProjectAltairRecruitment/230042117_Safwan_WEEK3_ProjectAltair/ros2/build/task2_control/install.log --single-version-externally-managed install_data
