running egg_info
creating ../../build/task2_control/task2_control.egg-info
writing ../../build/task2_control/task2_control.egg-info/PKG-INFO
writing dependency_links to ../../build/task2_control/task2_control.egg-info/dependency_links.txt
writing requirements to ../../build/task2_control/task2_control.egg-info/requires.txt
writing top-level names to ../../build/task2_control/task2_control.egg-info/top_level.txt
writing manifest file '../../build/task2_control/task2_control.egg-info/SOURCES.txt'
reading manifest file '../../build/task2_control/task2_control.egg-info/SOURCES.txt'
writing manifest file '../../build/task2_control/task2_control.egg-info/SOURCES.txt'
running build
running build_py
creating /home/safwansatil/Desktop/ProjectAltairRecruitment/230042117_Safwan_WEEK3_ProjectAltair/ros2/build/task2_control/build
creating /home/safwansatil/Desktop/ProjectAltairRecruitment/230042117_Safwan_WEEK3_ProjectAltair/ros2/build/task2_control/build/lib
creating /home/safwansatil/Desktop/ProjectAltairRecruitment/230042117_Safwan_WEEK3_ProjectAltair/ros2/build/task2_control/build/lib/task2_control
copying task2_control/turtle_commander.py -> /home/safwansatil/Desktop/ProjectAltairRecruitment/230042117_Safwan_WEEK3_ProjectAltair/ros2/build/task2_control/build/lib/task2_control
copying task2_control/__init__.py -> /home/safwansatil/Desktop/ProjectAltairRecruitment/230042117_Safwan_WEEK3_ProjectAltair/ros2/build/task2_control/build/lib/task2_control
running install
running install_lib
creating /home/safwansatil/Desktop/ProjectAltairRecruitment/230042117_Safwan_WEEK3_ProjectAltair/ros2/install/task2_control/lib/python3.12/site-packages/task2_control
copying /home/safwansatil/Desktop/ProjectAltairRecruitment/230042117_Safwan_WEEK3_ProjectAltair/ros2/build/task2_control/build/lib/task2_control/turtle_commander.py -> /home/safwansatil/Desktop/ProjectAltairRecruitment/230042117_Safwan_WEEK3_ProjectAltair/ros2/install/task2_control/lib/python3.12/site-packages/task2_control
copying /home/safwansatil/Desktop/ProjectAltairRecruitment/230042117_Safwan_WEEK3_ProjectAltair/ros2/build/task2_control/build/lib/task2_control/__init__.py -> /home/safwansatil/Desktop/ProjectAltairRecruitment/230042117_Safwan_WEEK3_ProjectAltair/ros2/install/task2_control/lib/python3.12/site-packages/task2_control
byte-compiling /home/safwansatil/Desktop/ProjectAltairRecruitment/230042117_Safwan_WEEK3_ProjectAltair/ros2/install/task2_control/lib/python3.12/site-packages/task2_control/turtle_commander.py to turtle_commander.cpython-312.pyc
byte-compiling /home/safwansatil/Desktop/ProjectAltairRecruitment/230042117_Safwan_WEEK3_ProjectAltair/ros2/install/task2_control/lib/python3.12/site-packages/task2_control/__init__.py to __init__.cpython-312.pyc
running install_data
creating /home/safwansatil/Desktop/ProjectAltairRecruitment/230042117_Safwan_WEEK3_ProjectAltair/ros2/install/task2_control/share/ament_index
creating /home/safwansatil/Desktop/ProjectAltairRecruitment/230042117_Safwan_WEEK3_ProjectAltair/ros2/install/task2_control/share/ament_index/resource_index
creating /home/safwansatil/Desktop/ProjectAltairRecruitment/230042117_Safwan_WEEK3_ProjectAltair/ros2/install/task2_control/share/ament_index/resource_index/packages
copying resource/task2_control -> /home/safwansatil/Desktop/ProjectAltairRecruitment/230042117_Safwan_WEEK3_ProjectAltair/ros2/install/task2_control/share/ament_index/resource_index/packages
copying package.xml -> /home/safwansatil/Desktop/ProjectAltairRecruitment/230042117_Safwan_WEEK3_ProjectAltair/ros2/install/task2_control/share/task2_control
running install_egg_info
Copying ../../build/task2_control/task2_control.egg-info to /home/safwansatil/Desktop/ProjectAltairRecruitment/230042117_Safwan_WEEK3_ProjectAltair/ros2/install/task2_control/lib/python3.12/site-packages/task2_control-0.0.0-py3.12.egg-info
running install_scripts
writing list of installed files to '/home/safwansatil/Desktop/ProjectAltairRecruitment/230042117_Safwan_WEEK3_ProjectAltair/ros2/build/task2_control/install.log'
