running egg_info
creating ../../build/task5_urdf/task5_urdf.egg-info
writing ../../build/task5_urdf/task5_urdf.egg-info/PKG-INFO
writing dependency_links to ../../build/task5_urdf/task5_urdf.egg-info/dependency_links.txt
writing requirements to ../../build/task5_urdf/task5_urdf.egg-info/requires.txt
writing top-level names to ../../build/task5_urdf/task5_urdf.egg-info/top_level.txt
writing manifest file '../../build/task5_urdf/task5_urdf.egg-info/SOURCES.txt'
reading manifest file '../../build/task5_urdf/task5_urdf.egg-info/SOURCES.txt'
writing manifest file '../../build/task5_urdf/task5_urdf.egg-info/SOURCES.txt'
running build
running build_py
creating /home/safwansatil/Desktop/ProjectAltairRecruitment/230042117_Safwan_WEEK3_ProjectAltair/ros2/build/task5_urdf/build
creating /home/safwansatil/Desktop/ProjectAltairRecruitment/230042117_Safwan_WEEK3_ProjectAltair/ros2/build/task5_urdf/build/lib
creating /home/safwansatil/Desktop/ProjectAltairRecruitment/230042117_Safwan_WEEK3_ProjectAltair/ros2/build/task5_urdf/build/lib/task5_urdf
copying task5_urdf/__init__.py -> /home/safwansatil/Desktop/ProjectAltairRecruitment/230042117_Safwan_WEEK3_ProjectAltair/ros2/build/task5_urdf/build/lib/task5_urdf
running install
running install_lib
creating /home/safwansatil/Desktop/ProjectAltairRecruitment/230042117_Safwan_WEEK3_ProjectAltair/ros2/install/task5_urdf/lib/python3.12/site-packages/task5_urdf
copying /home/safwansatil/Desktop/ProjectAltairRecruitment/230042117_Safwan_WEEK3_ProjectAltair/ros2/build/task5_urdf/build/lib/task5_urdf/__init__.py -> /home/safwansatil/Desktop/ProjectAltairRecruitment/230042117_Safwan_WEEK3_ProjectAltair/ros2/install/task5_urdf/lib/python3.12/site-packages/task5_urdf
byte-compiling /home/safwansatil/Desktop/ProjectAltairRecruitment/230042117_Safwan_WEEK3_ProjectAltair/ros2/install/task5_urdf/lib/python3.12/site-packages/task5_urdf/__init__.py to __init__.cpython-312.pyc
running install_data
creating /home/safwansatil/Desktop/ProjectAltairRecruitment/230042117_Safwan_WEEK3_ProjectAltair/ros2/install/task5_urdf/share/ament_index
creating /home/safwansatil/Desktop/ProjectAltairRecruitment/230042117_Safwan_WEEK3_ProjectAltair/ros2/install/task5_urdf/share/ament_index/resource_index
creating /home/safwansatil/Desktop/ProjectAltairRecruitment/230042117_Safwan_WEEK3_ProjectAltair/ros2/install/task5_urdf/share/ament_index/resource_index/packages
copying resource/task5_urdf -> /home/safwansatil/Desktop/ProjectAltairRecruitment/230042117_Safwan_WEEK3_ProjectAltair/ros2/install/task5_urdf/share/ament_index/resource_index/packages
copying package.xml -> /home/safwansatil/Desktop/ProjectAltairRecruitment/230042117_Safwan_WEEK3_ProjectAltair/ros2/install/task5_urdf/share/task5_urdf
creating /home/safwansatil/Desktop/ProjectAltairRecruitment/230042117_Safwan_WEEK3_ProjectAltair/ros2/install/task5_urdf/share/task5_urdf/launch
copying launch/display_robot.launch.py -> /home/safwansatil/Desktop/ProjectAltairRecruitment/230042117_Safwan_WEEK3_ProjectAltair/ros2/install/task5_urdf/share/task5_urdf/launch
creating /home/safwansatil/Desktop/ProjectAltairRecruitment/230042117_Safwan_WEEK3_ProjectAltair/ros2/install/task5_urdf/share/task5_urdf/description
copying description/my_simple_robot.urdf -> /home/safwansatil/Desktop/ProjectAltairRecruitment/230042117_Safwan_WEEK3_ProjectAltair/ros2/install/task5_urdf/share/task5_urdf/description
running install_egg_info
Copying ../../build/task5_urdf/task5_urdf.egg-info to /home/safwansatil/Desktop/ProjectAltairRecruitment/230042117_Safwan_WEEK3_ProjectAltair/ros2/install/task5_urdf/lib/python3.12/site-packages/task5_urdf-0.0.0-py3.12.egg-info
running install_scripts
writing list of installed files to '/home/safwansatil/Desktop/ProjectAltairRecruitment/230042117_Safwan_WEEK3_ProjectAltair/ros2/build/task5_urdf/install.log'
