[0.536s] Invoking command in '/home/safwansatil/Desktop/ProjectAltairRecruitment/230042117_Safwan_WEEK3_ProjectAltair/ros2/src/task5_urdf': DEBUGINFOD_URLS=https://debuginfod.ubuntu.com PYTHONPATH=/home/safwansatil/Desktop/ProjectAltairRecruitment/230042117_Safwan_WEEK3_ProjectAltair/ros2/build/task5_urdf/prefix_override:/usr/lib/python3/dist-packages/colcon_core/task/python/colcon_distutils_commands:/home/safwansatil/Desktop/ProjectAltairRecruitment/230042117_Safwan_WEEK3_ProjectAltair/ros2/install/task5_urdf/lib/python3.12/site-packages:${PYTHONPATH} /usr/bin/python3 -W ignore:setup.py install is deprecated -W ignore:easy_install command is deprecated setup.py egg_info --egg-base ../../build/task5_urdf build --build-base /home/safwansatil/Desktop/ProjectAltairRecruitment/230042117_Safwan_WEEK3_ProjectAltair/ros2/build/task5_urdf/build install --record /home/safwansatil/Desktop/ProjectAltairRecruitment/230042117_Safwan_WEEK3_ProjectAltair/ros2/build/task5_urdf/install.log --single-version-externally-managed install_data
[0.719s] running egg_info
[0.730s] writing ../../build/task5_urdf/task5_urdf.egg-info/PKG-INFO
[0.730s] writing dependency_links to ../../build/task5_urdf/task5_urdf.egg-info/dependency_links.txt
[0.731s] writing entry points to ../../build/task5_urdf/task5_urdf.egg-info/entry_points.txt
[0.731s] writing requirements to ../../build/task5_urdf/task5_urdf.egg-info/requires.txt
[0.731s] writing top-level names to ../../build/task5_urdf/task5_urdf.egg-info/top_level.txt
[0.754s] reading manifest file '../../build/task5_urdf/task5_urdf.egg-info/SOURCES.txt'
[0.755s] writing manifest file '../../build/task5_urdf/task5_urdf.egg-info/SOURCES.txt'
[0.755s] running build
[0.755s] running build_py
[0.755s] running install
[0.759s] running install_lib
[0.771s] running install_data
[0.771s] running install_egg_info
[0.783s] removing '/home/safwansatil/Desktop/ProjectAltairRecruitment/230042117_Safwan_WEEK3_ProjectAltair/ros2/install/task5_urdf/lib/python3.12/site-packages/task5_urdf-0.0.0-py3.12.egg-info' (and everything under it)
[0.783s] Copying ../../build/task5_urdf/task5_urdf.egg-info to /home/safwansatil/Desktop/ProjectAltairRecruitment/230042117_Safwan_WEEK3_ProjectAltair/ros2/install/task5_urdf/lib/python3.12/site-packages/task5_urdf-0.0.0-py3.12.egg-info
[0.784s] running install_scripts
[0.863s] Installing odometry_pub script to /home/safwansatil/Desktop/ProjectAltairRecruitment/230042117_Safwan_WEEK3_ProjectAltair/ros2/install/task5_urdf/lib/task5_urdf
[0.863s] writing list of installed files to '/home/safwansatil/Desktop/ProjectAltairRecruitment/230042117_Safwan_WEEK3_ProjectAltair/ros2/build/task5_urdf/install.log'
[0.884s] Invoked command in '/home/safwansatil/Desktop/ProjectAltairRecruitment/230042117_Safwan_WEEK3_ProjectAltair/ros2/src/task5_urdf' returned '0': DEBUGINFOD_URLS=https://debuginfod.ubuntu.com PYTHONPATH=/home/safwansatil/Desktop/ProjectAltairRecruitment/230042117_Safwan_WEEK3_ProjectAltair/ros2/build/task5_urdf/prefix_override:/usr/lib/python3/dist-packages/colcon_core/task/python/colcon_distutils_commands:/home/safwansatil/Desktop/ProjectAltairRecruitment/230042117_Safwan_WEEK3_ProjectAltair/ros2/install/task5_urdf/lib/python3.12/site-packages:${PYTHONPATH} /usr/bin/python3 -W ignore:setup.py install is deprecated -W ignore:easy_install command is deprecated setup.py egg_info --egg-base ../../build/task5_urdf build --build-base /home/safwansatil/Desktop/ProjectAltairRecruitment/230042117_Safwan_WEEK3_ProjectAltair/ros2/build/task5_urdf/build install --record /home/safwansatil/Desktop/ProjectAltairRecruitment/230042117_Safwan_WEEK3_ProjectAltair/ros2/build/task5_urdf/install.log --single-version-externally-managed install_data
